[2025-04-22 09:57:35] ERROR: GET - /api/products/100, Product with id 100 not found 
[2025-04-22 10:00:03] ERROR: GET - /api/products/100, Product with id 100 not found 
[2025-04-22 10:00:24] ERROR: GET - /api/products/100, Product with id 100 not found 
[2025-04-22 10:00:49] ERROR: GET - /api/products/100, Product with id 100 not found 
[2025-04-22 10:02:43] ERROR: GET - /api/products/100, 
Invalid `prisma.product.findFirst()` invocation in
D:\Workspace\Class\JCWDJKT\scheduling-logging-caching\src\controller\products.controller.ts:13:50

  10 try {
  11   const { id } = req.params
  12 
→ 13   const findProductById = await prisma.product.findFirst(
Can't reach database server at `aws-0-ap-southeast-1.pooler.supabase.com:6543`

Please make sure your database server is running at `aws-0-ap-southeast-1.pooler.supabase.com:6543`. 
[2025-04-22 10:14:29] ERROR: GET - /api/products/100, Product with id 100 not found 
[2025-04-22 11:04:07] ERROR: GET - /api/products/100, Product with id 100 not found 
[2025-04-22 11:04:48] ERROR: GET - /api/products/1, Cannot set headers after they are sent to the client 
[2025-04-22 11:10:07] ERROR: GET - /api/products/1, Cannot set headers after they are sent to the client 
[2025-04-22 11:10:11] ERROR: GET - /api/products/1, Cannot set headers after they are sent to the client 
[2025-04-22 11:10:13] ERROR: GET - /api/products/1, Cannot set headers after they are sent to the client 
[2025-04-23 07:18:41] ERROR: GET - /api/products/1, 
Invalid `prisma.product.findFirst()` invocation in
/app/src/controller/products.controller.ts:15:50

  12 try {
  13   const { id } = req.params
  14 
→ 15   const findProductById = await prisma.product.findFirst(
Can't reach database server at `mysql-container:2024`

Please make sure your database server is running at `mysql-container:2024`. 
[2025-04-23 07:21:17] ERROR: GET - /api/products/1, 
Invalid `prisma.product.findFirst()` invocation in
/app/src/controller/products.controller.ts:15:50

  12 try {
  13   const { id } = req.params
  14 
→ 15   const findProductById = await prisma.product.findFirst(
Can't reach database server at `mysql-container:2024`

Please make sure your database server is running at `mysql-container:2024`. 
[2025-04-23 07:23:08] ERROR: GET - /api/products/1, 
Invalid `prisma.product.findFirst()` invocation in
/app/src/controller/products.controller.ts:15:50

  12 try {
  13   const { id } = req.params
  14 
→ 15   const findProductById = await prisma.product.findFirst(
Can't reach database server at `mysql-container:2024`

Please make sure your database server is running at `mysql-container:2024`. 
[2025-04-23 07:23:22] ERROR: GET - /api/products/1, 
Invalid `prisma.product.findFirst()` invocation in
/app/src/controller/products.controller.ts:15:50

  12 try {
  13   const { id } = req.params
  14 
→ 15   const findProductById = await prisma.product.findFirst(
Can't reach database server at `mysql-container:2024`

Please make sure your database server is running at `mysql-container:2024`. 
